# JRE version: OpenJDK Runtime Environment Temurin-17.0.12+7 (17.0.12+7) (build 17.0.12+7)
# Java VM: OpenJDK 64-Bit Server VM Temurin-17.0.12+7 (17.0.12+7, mixed mode, tiered, compressed oops, compressed class ptrs, parallel gc, windows-amd64)
GC Precious Log:
 CPUs: 8 total, 8 available
 Memory: 12171M
 Large Page Support: Disabled
 NUMA Support: Disabled
 Compressed Oops: Enabled (32-bit)
 Alignments: Space 512K, Generation 512K, Heap 2M
 Heap Min Capacity: 100M
 Heap Initial Capacity: 100M
 Heap Max Capacity: 1G
 Pre-touch: Disabled
 Parallel Workers: 8
Heap:
 PSYoungGen      total 20480K, used 11978K [0x00000000eab00000, 0x00000000ec600000, 0x0000000100000000)
  eden space 19968K, 57% used [0x00000000eab00000,0x00000000eb6333a8,0x00000000ebe80000)
  from space 512K, 99% used [0x00000000ec580000,0x00000000ec5ff578,0x00000000ec600000)
  to   space 1024K, 0% used [0x00000000ec400000,0x00000000ec400000,0x00000000ec500000)
 ParOldGen       total 68608K, used 44290K [0x00000000c0000000, 0x00000000c4300000, 0x00000000eab00000)
  object space 68608K, 64% used [0x00000000c0000000,0x00000000c2b40ad0,0x00000000c4300000)
 Metaspace       used 73996K, committed 75136K, reserved 1179648K
  class space    used 9045K, committed 9536K, reserved 1048576K
GC Heap History (20 events):
Event: 32.402 GC heap before
{Heap before GC invocations=46 (full 3):
 PSYoungGen      total 20480K, used 20192K [0x00000000eab00000, 0x00000000ec680000, 0x0000000100000000)
  eden space 19968K, 100% used [0x00000000eab00000,0x00000000ebe80000,0x00000000ebe80000)
  from space 512K, 43% used [0x00000000ec600000,0x00000000ec638000,0x00000000ec680000)
  to   space 512K, 0% used [0x00000000ec580000,0x00000000ec580000,0x00000000ec600000)
 ParOldGen       total 68608K, used 41610K [0x00000000c0000000, 0x00000000c4300000, 0x00000000eab00000)
  object space 68608K, 60% used [0x00000000c0000000,0x00000000c28a2ae0,0x00000000c4300000)
 Metaspace       used 71305K, committed 72384K, reserved 1114112K
  class space    used 8686K, committed 9152K, reserved 1048576K
}
Event: 32.404 GC heap after
{Heap after GC invocations=46 (full 3):
 PSYoungGen      total 20480K, used 490K [0x00000000eab00000, 0x00000000ec680000, 0x0000000100000000)
  eden space 19968K, 0% used [0x00000000eab00000,0x00000000eab00000,0x00000000ebe80000)
  from space 512K, 95% used [0x00000000ec580000,0x00000000ec5faa28,0x00000000ec600000)
  to   space 512K, 0% used [0x00000000ec600000,0x00000000ec600000,0x00000000ec680000)
 ParOldGen       total 68608K, used 42632K [0x00000000c0000000, 0x00000000c4300000, 0x00000000eab00000)
  object space 68608K, 62% used [0x00000000c0000000,0x00000000c29a2040,0x00000000c4300000)
 Metaspace       used 71305K, committed 72384K, reserved 1114112K
  class space    used 8686K, committed 9152K, reserved 1048576K
}
Event: 32.726 GC heap before
{Heap before GC invocations=47 (full 3):
 PSYoungGen      total 20480K, used 20458K [0x00000000eab00000, 0x00000000ec680000, 0x0000000100000000)
  eden space 19968K, 100% used [0x00000000eab00000,0x00000000ebe80000,0x00000000ebe80000)
  from space 512K, 95% used [0x00000000ec580000,0x00000000ec5faa28,0x00000000ec600000)
  to   space 512K, 0% used [0x00000000ec600000,0x00000000ec600000,0x00000000ec680000)
 ParOldGen       total 68608K, used 42632K [0x00000000c0000000, 0x00000000c4300000, 0x00000000eab00000)
  object space 68608K, 62% used [0x00000000c0000000,0x00000000c29a2040,0x00000000c4300000)
 Metaspace       used 71305K, committed 72384K, reserved 1114112K
  class space    used 8686K, committed 9152K, reserved 1048576K
}
Event: 32.728 GC heap after
{Heap after GC invocations=47 (full 3):
 PSYoungGen      total 20480K, used 507K [0x00000000eab00000, 0x00000000ec680000, 0x0000000100000000)
  eden space 19968K, 0% used [0x00000000eab00000,0x00000000eab00000,0x00000000ebe80000)
  from space 512K, 99% used [0x00000000ec600000,0x00000000ec67ee98,0x00000000ec680000)
  to   space 1536K, 0% used [0x00000000ec380000,0x00000000ec380000,0x00000000ec500000)
 ParOldGen       total 68608K, used 43402K [0x00000000c0000000, 0x00000000c4300000, 0x00000000eab00000)
  object space 68608K, 63% used [0x00000000c0000000,0x00000000c2a62820,0x00000000c4300000)
 Metaspace       used 71305K, committed 72384K, reserved 1114112K
  class space    used 8686K, committed 9152K, reserved 1048576K
}
Event: 33.019 GC heap before
{Heap before GC invocations=48 (full 3):
 PSYoungGen      total 20480K, used 20475K [0x00000000eab00000, 0x00000000ec680000, 0x0000000100000000)
  eden space 19968K, 100% used [0x00000000eab00000,0x00000000ebe80000,0x00000000ebe80000)
  from space 512K, 99% used [0x00000000ec600000,0x00000000ec67ee98,0x00000000ec680000)
  to   space 1536K, 0% used [0x00000000ec380000,0x00000000ec380000,0x00000000ec500000)
 ParOldGen       total 68608K, used 43402K [0x00000000c0000000, 0x00000000c4300000, 0x00000000eab00000)
  object space 68608K, 63% used [0x00000000c0000000,0x00000000c2a62820,0x00000000c4300000)
 Metaspace       used 71305K, committed 72384K, reserved 1114112K
  class space    used 8686K, committed 9152K, reserved 1048576K
}
Event: 33.020 GC heap after
{Heap after GC invocations=48 (full 3):
 PSYoungGen      total 21504K, used 742K [0x00000000eab00000, 0x00000000ec680000, 0x0000000100000000)
  eden space 19968K, 0% used [0x00000000eab00000,0x00000000eab00000,0x00000000ebe80000)
  from space 1536K, 48% used [0x00000000ec380000,0x00000000ec439ab0,0x00000000ec500000)
  to   space 1024K, 0% used [0x00000000ec580000,0x00000000ec580000,0x00000000ec680000)
 ParOldGen       total 68608K, used 43454K [0x00000000c0000000, 0x00000000c4300000, 0x00000000eab00000)
  object space 68608K, 63% used [0x00000000c0000000,0x00000000c2a6fa70,0x00000000c4300000)
 Metaspace       used 71305K, committed 72384K, reserved 1114112K
  class space    used 8686K, committed 9152K, reserved 1048576K
}
Event: 33.201 GC heap before
{Heap before GC invocations=49 (full 3):
 PSYoungGen      total 21504K, used 20710K [0x00000000eab00000, 0x00000000ec680000, 0x0000000100000000)
  eden space 19968K, 100% used [0x00000000eab00000,0x00000000ebe80000,0x00000000ebe80000)
  from space 1536K, 48% used [0x00000000ec380000,0x00000000ec439ab0,0x00000000ec500000)
  to   space 1024K, 0% used [0x00000000ec580000,0x00000000ec580000,0x00000000ec680000)
 ParOldGen       total 68608K, used 43454K [0x00000000c0000000, 0x00000000c4300000, 0x00000000eab00000)
  object space 68608K, 63% used [0x00000000c0000000,0x00000000c2a6fa70,0x00000000c4300000)
 Metaspace       used 71664K, committed 72832K, reserved 1114112K
  class space    used 8754K, committed 9280K, reserved 1048576K
}
Event: 33.202 GC heap after
{Heap after GC invocations=49 (full 3):
 PSYoungGen      total 20480K, used 256K [0x00000000eab00000, 0x00000000ec600000, 0x0000000100000000)
  eden space 19968K, 0% used [0x00000000eab00000,0x00000000eab00000,0x00000000ebe80000)
  from space 512K, 50% used [0x00000000ec580000,0x00000000ec5c0000,0x00000000ec600000)
  to   space 512K, 0% used [0x00000000ec500000,0x00000000ec500000,0x00000000ec580000)
 ParOldGen       total 68608K, used 43510K [0x00000000c0000000, 0x00000000c4300000, 0x00000000eab00000)
  object space 68608K, 63% used [0x00000000c0000000,0x00000000c2a7da70,0x00000000c4300000)
 Metaspace       used 71664K, committed 72832K, reserved 1114112K
  class space    used 8754K, committed 9280K, reserved 1048576K
}
Event: 54.105 GC heap before
{Heap before GC invocations=50 (full 3):
 PSYoungGen      total 20480K, used 20224K [0x00000000eab00000, 0x00000000ec600000, 0x0000000100000000)
  eden space 19968K, 100% used [0x00000000eab00000,0x00000000ebe80000,0x00000000ebe80000)
  from space 512K, 50% used [0x00000000ec580000,0x00000000ec5c0000,0x00000000ec600000)
  to   space 512K, 0% used [0x00000000ec500000,0x00000000ec500000,0x00000000ec580000)
 ParOldGen       total 68608K, used 43510K [0x00000000c0000000, 0x00000000c4300000, 0x00000000eab00000)
  object space 68608K, 63% used [0x00000000c0000000,0x00000000c2a7da70,0x00000000c4300000)
 Metaspace       used 73061K, committed 74240K, reserved 1114112K
  class space    used 8915K, committed 9408K, reserved 1048576K
}
Event: 54.107 GC heap after
{Heap after GC invocations=50 (full 3):
 PSYoungGen      total 20480K, used 448K [0x00000000eab00000, 0x00000000ec600000, 0x0000000100000000)
  eden space 19968K, 0% used [0x00000000eab00000,0x00000000eab00000,0x00000000ebe80000)
  from space 512K, 87% used [0x00000000ec500000,0x00000000ec570010,0x00000000ec580000)
  to   space 512K, 0% used [0x00000000ec580000,0x00000000ec580000,0x00000000ec600000)
 ParOldGen       total 68608K, used 43678K [0x00000000c0000000, 0x00000000c4300000, 0x00000000eab00000)
  object space 68608K, 63% used [0x00000000c0000000,0x00000000c2aa7a90,0x00000000c4300000)
 Metaspace       used 73061K, committed 74240K, reserved 1114112K
  class space    used 8915K, committed 9408K, reserved 1048576K
}
Event: 66.364 GC heap before
{Heap before GC invocations=51 (full 3):
 PSYoungGen      total 20480K, used 20415K [0x00000000eab00000, 0x00000000ec600000, 0x0000000100000000)
  eden space 19968K, 99% used [0x00000000eab00000,0x00000000ebe7ffe8,0x00000000ebe80000)
  from space 512K, 87% used [0x00000000ec500000,0x00000000ec570010,0x00000000ec580000)
  to   space 512K, 0% used [0x00000000ec580000,0x00000000ec580000,0x00000000ec600000)
 ParOldGen       total 68608K, used 43678K [0x00000000c0000000, 0x00000000c4300000, 0x00000000eab00000)
  object space 68608K, 63% used [0x00000000c0000000,0x00000000c2aa7a90,0x00000000c4300000)
 Metaspace       used 73153K, committed 74368K, reserved 1114112K
  class space    used 8921K, committed 9472K, reserved 1048576K
}
Event: 66.365 GC heap after
{Heap after GC invocations=51 (full 3):
 PSYoungGen      total 20480K, used 256K [0x00000000eab00000, 0x00000000ec600000, 0x0000000100000000)
  eden space 19968K, 0% used [0x00000000eab00000,0x00000000eab00000,0x00000000ebe80000)
  from space 512K, 50% used [0x00000000ec580000,0x00000000ec5c0000,0x00000000ec600000)
  to   space 512K, 0% used [0x00000000ec500000,0x00000000ec500000,0x00000000ec580000)
 ParOldGen       total 68608K, used 44026K [0x00000000c0000000, 0x00000000c4300000, 0x00000000eab00000)
  object space 68608K, 64% used [0x00000000c0000000,0x00000000c2afead0,0x00000000c4300000)
 Metaspace       used 73153K, committed 74368K, reserved 1114112K
  class space    used 8921K, committed 9472K, reserved 1048576K
}
Event: 69.862 GC heap before
{Heap before GC invocations=52 (full 3):
 PSYoungGen      total 20480K, used 20224K [0x00000000eab00000, 0x00000000ec600000, 0x0000000100000000)
  eden space 19968K, 100% used [0x00000000eab00000,0x00000000ebe80000,0x00000000ebe80000)
  from space 512K, 50% used [0x00000000ec580000,0x00000000ec5c0000,0x00000000ec600000)
  to   space 512K, 0% used [0x00000000ec500000,0x00000000ec500000,0x00000000ec580000)
 ParOldGen       total 68608K, used 44026K [0x00000000c0000000, 0x00000000c4300000, 0x00000000eab00000)
  object space 68608K, 64% used [0x00000000c0000000,0x00000000c2afead0,0x00000000c4300000)
 Metaspace       used 73153K, committed 74368K, reserved 1114112K
  class space    used 8921K, committed 9472K, reserved 1048576K
}
Event: 69.863 GC heap after
{Heap after GC invocations=52 (full 3):
 PSYoungGen      total 20480K, used 160K [0x00000000eab00000, 0x00000000ec600000, 0x0000000100000000)
  eden space 19968K, 0% used [0x00000000eab00000,0x00000000eab00000,0x00000000ebe80000)
  from space 512K, 31% used [0x00000000ec500000,0x00000000ec528000,0x00000000ec580000)
  to   space 512K, 0% used [0x00000000ec580000,0x00000000ec580000,0x00000000ec600000)
 ParOldGen       total 68608K, used 44122K [0x00000000c0000000, 0x00000000c4300000, 0x00000000eab00000)
  object space 68608K, 64% used [0x00000000c0000000,0x00000000c2b16ad0,0x00000000c4300000)
 Metaspace       used 73153K, committed 74368K, reserved 1114112K
  class space    used 8921K, committed 9472K, reserved 1048576K
}
Event: 70.855 GC heap before
{Heap before GC invocations=53 (full 3):
 PSYoungGen      total 20480K, used 20128K [0x00000000eab00000, 0x00000000ec600000, 0x0000000100000000)
  eden space 19968K, 100% used [0x00000000eab00000,0x00000000ebe80000,0x00000000ebe80000)
  from space 512K, 31% used [0x00000000ec500000,0x00000000ec528000,0x00000000ec580000)
  to   space 512K, 0% used [0x00000000ec580000,0x00000000ec580000,0x00000000ec600000)
 ParOldGen       total 68608K, used 44122K [0x00000000c0000000, 0x00000000c4300000, 0x00000000eab00000)
  object space 68608K, 64% used [0x00000000c0000000,0x00000000c2b16ad0,0x00000000c4300000)
 Metaspace       used 73235K, committed 74432K, reserved 1114112K
  class space    used 8937K, committed 9472K, reserved 1048576K
}
Event: 70.856 GC heap after
{Heap after GC invocations=53 (full 3):
 PSYoungGen      total 20480K, used 224K [0x00000000eab00000, 0x00000000ec600000, 0x0000000100000000)
  eden space 19968K, 0% used [0x00000000eab00000,0x00000000eab00000,0x00000000ebe80000)
  from space 512K, 43% used [0x00000000ec580000,0x00000000ec5b8000,0x00000000ec600000)
  to   space 512K, 0% used [0x00000000ec500000,0x00000000ec500000,0x00000000ec580000)
 ParOldGen       total 68608K, used 44130K [0x00000000c0000000, 0x00000000c4300000, 0x00000000eab00000)
  object space 68608K, 64% used [0x00000000c0000000,0x00000000c2b18ad0,0x00000000c4300000)
 Metaspace       used 73235K, committed 74432K, reserved 1114112K
  class space    used 8937K, committed 9472K, reserved 1048576K
}
Event: 71.524 GC heap before
{Heap before GC invocations=54 (full 3):
 PSYoungGen      total 20480K, used 20192K [0x00000000eab00000, 0x00000000ec600000, 0x0000000100000000)
  eden space 19968K, 100% used [0x00000000eab00000,0x00000000ebe80000,0x00000000ebe80000)
  from space 512K, 43% used [0x00000000ec580000,0x00000000ec5b8000,0x00000000ec600000)
  to   space 512K, 0% used [0x00000000ec500000,0x00000000ec500000,0x00000000ec580000)
 ParOldGen       total 68608K, used 44130K [0x00000000c0000000, 0x00000000c4300000, 0x00000000eab00000)
  object space 68608K, 64% used [0x00000000c0000000,0x00000000c2b18ad0,0x00000000c4300000)
 Metaspace       used 73236K, committed 74432K, reserved 1114112K
  class space    used 8937K, committed 9472K, reserved 1048576K
}
Event: 71.525 GC heap after
{Heap after GC invocations=54 (full 3):
 PSYoungGen      total 20480K, used 128K [0x00000000eab00000, 0x00000000ec600000, 0x0000000100000000)
  eden space 19968K, 0% used [0x00000000eab00000,0x00000000eab00000,0x00000000ebe80000)
  from space 512K, 25% used [0x00000000ec500000,0x00000000ec520000,0x00000000ec580000)
  to   space 512K, 0% used [0x00000000ec580000,0x00000000ec580000,0x00000000ec600000)
 ParOldGen       total 68608K, used 44226K [0x00000000c0000000, 0x00000000c4300000, 0x00000000eab00000)
  object space 68608K, 64% used [0x00000000c0000000,0x00000000c2b30ad0,0x00000000c4300000)
 Metaspace       used 73236K, committed 74432K, reserved 1114112K
  class space    used 8937K, committed 9472K, reserved 1048576K
}
Event: 72.394 GC heap before
{Heap before GC invocations=55 (full 3):
 PSYoungGen      total 20480K, used 20096K [0x00000000eab00000, 0x00000000ec600000, 0x0000000100000000)
  eden space 19968K, 100% used [0x00000000eab00000,0x00000000ebe80000,0x00000000ebe80000)
  from space 512K, 25% used [0x00000000ec500000,0x00000000ec520000,0x00000000ec580000)
  to   space 512K, 0% used [0x00000000ec580000,0x00000000ec580000,0x00000000ec600000)
 ParOldGen       total 68608K, used 44226K [0x00000000c0000000, 0x00000000c4300000, 0x00000000eab00000)
  object space 68608K, 64% used [0x00000000c0000000,0x00000000c2b30ad0,0x00000000c4300000)
 Metaspace       used 73363K, committed 74560K, reserved 1114112K
  class space    used 8956K, committed 9472K, reserved 1048576K
}
Event: 72.395 GC heap after
{Heap after GC invocations=55 (full 3):
 PSYoungGen      total 20480K, used 509K [0x00000000eab00000, 0x00000000ec600000, 0x0000000100000000)
  eden space 19968K, 0% used [0x00000000eab00000,0x00000000eab00000,0x00000000ebe80000)
  from space 512K, 99% used [0x00000000ec580000,0x00000000ec5ff578,0x00000000ec600000)
  to   space 1024K, 0% used [0x00000000ec400000,0x00000000ec400000,0x00000000ec500000)
 ParOldGen       total 68608K, used 44290K [0x00000000c0000000, 0x00000000c4300000, 0x00000000eab00000)
  object space 68608K, 64% used [0x00000000c0000000,0x00000000c2b40ad0,0x00000000c4300000)
 Metaspace       used 73363K, committed 74560K, reserved 1114112K
  class space    used 8956K, committed 9472K, reserved 1048576K
}

