# JRE version: OpenJDK Runtime Environment (17.0.11) (build 17.0.11+0--11852314)
# Java VM: OpenJDK 64-Bit Server VM (17.0.11+0--11852314, mixed mode, tiered, compressed oops, compressed class ptrs, g1 gc, windows-amd64)
GC Precious Log:
 CPUs: 8 total, 8 available
 Memory: 12171M
 Large Page Support: Disabled
 NUMA Support: Disabled
 Compressed Oops: Enabled (32-bit)
 Heap Region Size: 1M
 Heap Min Capacity: 8M
 Heap Initial Capacity: 192M
 Heap Max Capacity: 2G
 Pre-touch: Disabled
 Parallel Workers: 8
 Concurrent Workers: 2
 Concurrent Refinement Workers: 8
 Periodic GC: Disabled
Heap:
 garbage-first heap   total 198656K, used 109188K [0x0000000080000000, 0x0000000100000000)
  region size 1024K, 1 young (1024K), 1 survivors (1024K)
 Metaspace       used 81585K, committed 82240K, reserved 1179648K
  class space    used 11472K, committed 11776K, reserved 1048576K
GC Heap History (20 events):
Event: 10.560 GC heap after
{Heap after GC invocations=30 (full 0):
 garbage-first heap   total 159744K, used 78023K [0x0000000080000000, 0x0000000100000000)
  region size 1024K, 4 young (4096K), 4 survivors (4096K)
 Metaspace       used 62295K, committed 62912K, reserved 1114112K
  class space    used 8489K, committed 8768K, reserved 1048576K
}
Event: 11.202 GC heap before
{Heap before GC invocations=30 (full 0):
 garbage-first heap   total 159744K, used 127175K [0x0000000080000000, 0x0000000100000000)
  region size 1024K, 53 young (54272K), 4 survivors (4096K)
 Metaspace       used 68695K, committed 69312K, reserved 1114112K
  class space    used 9807K, committed 10048K, reserved 1048576K
}
Event: 11.206 GC heap after
{Heap after GC invocations=31 (full 0):
 garbage-first heap   total 159744K, used 79390K [0x0000000080000000, 0x0000000100000000)
  region size 1024K, 5 young (5120K), 5 survivors (5120K)
 Metaspace       used 68695K, committed 69312K, reserved 1114112K
  class space    used 9807K, committed 10048K, reserved 1048576K
}
Event: 12.206 GC heap before
{Heap before GC invocations=31 (full 0):
 garbage-first heap   total 159744K, used 128542K [0x0000000080000000, 0x0000000100000000)
  region size 1024K, 53 young (54272K), 5 survivors (5120K)
 Metaspace       used 75324K, committed 76032K, reserved 1114112K
  class space    used 10655K, committed 11008K, reserved 1048576K
}
Event: 12.211 GC heap after
{Heap after GC invocations=32 (full 0):
 garbage-first heap   total 159744K, used 80647K [0x0000000080000000, 0x0000000100000000)
  region size 1024K, 4 young (4096K), 4 survivors (4096K)
 Metaspace       used 75324K, committed 76032K, reserved 1114112K
  class space    used 10655K, committed 11008K, reserved 1048576K
}
Event: 12.829 GC heap before
{Heap before GC invocations=32 (full 0):
 garbage-first heap   total 159744K, used 111367K [0x0000000080000000, 0x0000000100000000)
  region size 1024K, 35 young (35840K), 4 survivors (4096K)
 Metaspace       used 80074K, committed 80768K, reserved 1179648K
  class space    used 11282K, committed 11584K, reserved 1048576K
}
Event: 12.834 GC heap after
{Heap after GC invocations=33 (full 0):
 garbage-first heap   total 159744K, used 81266K [0x0000000080000000, 0x0000000100000000)
  region size 1024K, 4 young (4096K), 4 survivors (4096K)
 Metaspace       used 80074K, committed 80768K, reserved 1179648K
  class space    used 11282K, committed 11584K, reserved 1048576K
}
Event: 12.841 GC heap before
{Heap before GC invocations=33 (full 0):
 garbage-first heap   total 159744K, used 87410K [0x0000000080000000, 0x0000000100000000)
  region size 1024K, 5 young (5120K), 4 survivors (4096K)
 Metaspace       used 80074K, committed 80768K, reserved 1179648K
  class space    used 11282K, committed 11584K, reserved 1048576K
}
Event: 12.846 GC heap after
{Heap after GC invocations=34 (full 0):
 garbage-first heap   total 159744K, used 87382K [0x0000000080000000, 0x0000000100000000)
  region size 1024K, 2 young (2048K), 2 survivors (2048K)
 Metaspace       used 80074K, committed 80768K, reserved 1179648K
  class space    used 11282K, committed 11584K, reserved 1048576K
}
Event: 13.387 GC heap before
{Heap before GC invocations=35 (full 0):
 garbage-first heap   total 159744K, used 138582K [0x0000000080000000, 0x0000000100000000)
  region size 1024K, 49 young (50176K), 2 survivors (2048K)
 Metaspace       used 80421K, committed 81216K, reserved 1179648K
  class space    used 11291K, committed 11648K, reserved 1048576K
}
Event: 13.400 GC heap after
{Heap after GC invocations=36 (full 0):
 garbage-first heap   total 159744K, used 95020K [0x0000000080000000, 0x0000000100000000)
  region size 1024K, 7 young (7168K), 7 survivors (7168K)
 Metaspace       used 80421K, committed 81216K, reserved 1179648K
  class space    used 11291K, committed 11648K, reserved 1048576K
}
Event: 13.410 GC heap before
{Heap before GC invocations=36 (full 0):
 garbage-first heap   total 159744K, used 96044K [0x0000000080000000, 0x0000000100000000)
  region size 1024K, 8 young (8192K), 7 survivors (7168K)
 Metaspace       used 80421K, committed 81216K, reserved 1179648K
  class space    used 11291K, committed 11648K, reserved 1048576K
}
Event: 13.417 GC heap after
{Heap after GC invocations=37 (full 0):
 garbage-first heap   total 159744K, used 95223K [0x0000000080000000, 0x0000000100000000)
  region size 1024K, 1 young (1024K), 1 survivors (1024K)
 Metaspace       used 80421K, committed 81216K, reserved 1179648K
  class space    used 11291K, committed 11648K, reserved 1048576K
}
Event: 13.420 GC heap before
{Heap before GC invocations=37 (full 0):
 garbage-first heap   total 159744K, used 95223K [0x0000000080000000, 0x0000000100000000)
  region size 1024K, 2 young (2048K), 1 survivors (1024K)
 Metaspace       used 80421K, committed 81216K, reserved 1179648K
  class space    used 11291K, committed 11648K, reserved 1048576K
}
Event: 13.421 GC heap after
{Heap after GC invocations=38 (full 0):
 garbage-first heap   total 159744K, used 94868K [0x0000000080000000, 0x0000000100000000)
  region size 1024K, 1 young (1024K), 1 survivors (1024K)
 Metaspace       used 80421K, committed 81216K, reserved 1179648K
  class space    used 11291K, committed 11648K, reserved 1048576K
}
Event: 13.700 GC heap before
{Heap before GC invocations=39 (full 0):
 garbage-first heap   total 181248K, used 117396K [0x0000000080000000, 0x0000000100000000)
  region size 1024K, 21 young (21504K), 1 survivors (1024K)
 Metaspace       used 80425K, committed 81216K, reserved 1179648K
  class space    used 11292K, committed 11648K, reserved 1048576K
}
Event: 13.707 GC heap after
{Heap after GC invocations=40 (full 0):
 garbage-first heap   total 181248K, used 100112K [0x0000000080000000, 0x0000000100000000)
  region size 1024K, 5 young (5120K), 5 survivors (5120K)
 Metaspace       used 80425K, committed 81216K, reserved 1179648K
  class space    used 11292K, committed 11648K, reserved 1048576K
}
Event: 14.044 GC heap before
{Heap before GC invocations=41 (full 0):
 garbage-first heap   total 198656K, used 147216K [0x0000000080000000, 0x0000000100000000)
  region size 1024K, 46 young (47104K), 5 survivors (5120K)
 Metaspace       used 81225K, committed 81920K, reserved 1179648K
  class space    used 11421K, committed 11776K, reserved 1048576K
}
Event: 14.053 GC heap after
{Heap after GC invocations=42 (full 0):
 garbage-first heap   total 198656K, used 108672K [0x0000000080000000, 0x0000000100000000)
  region size 1024K, 6 young (6144K), 6 survivors (6144K)
 Metaspace       used 81225K, committed 81920K, reserved 1179648K
  class space    used 11421K, committed 11776K, reserved 1048576K
}
Event: 14.080 GC heap before
{Heap before GC invocations=42 (full 0):
 garbage-first heap   total 198656K, used 111744K [0x0000000080000000, 0x0000000100000000)
  region size 1024K, 9 young (9216K), 6 survivors (6144K)
 Metaspace       used 81585K, committed 82240K, reserved 1179648K
  class space    used 11472K, committed 11776K, reserved 1048576K
}

