# JRE version: OpenJDK Runtime Environment (17.0.11) (build 17.0.11+0--11852314)
# Java VM: OpenJDK 64-Bit Server VM (17.0.11+0--11852314, mixed mode, tiered, compressed oops, compressed class ptrs, g1 gc, windows-amd64)
GC Precious Log:
 CPUs: 8 total, 8 available
 Memory: 12171M
 Large Page Support: Disabled
 NUMA Support: Disabled
 Compressed Oops: Enabled (32-bit)
 Heap Region Size: 1M
 Heap Min Capacity: 8M
 Heap Initial Capacity: 192M
 Heap Max Capacity: 2G
 Pre-touch: Disabled
 Parallel Workers: 8
 Concurrent Workers: 2
 Concurrent Refinement Workers: 8
 Periodic GC: Disabled
Heap:
 garbage-first heap   total 249856K, used 153041K [0x0000000080000000, 0x0000000100000000)
  region size 1024K, 2 young (2048K), 2 survivors (2048K)
 Metaspace       used 132356K, committed 133120K, reserved 1179648K
  class space    used 17119K, committed 17472K, reserved 1048576K
GC Heap History (20 events):
Event: 13.243 GC heap after
{Heap after GC invocations=44 (full 0):
 garbage-first heap   total 205824K, used 104439K [0x0000000080000000, 0x0000000100000000)
  region size 1024K, 7 young (7168K), 7 survivors (7168K)
 Metaspace       used 108237K, committed 108928K, reserved 1179648K
  class space    used 14550K, committed 14848K, reserved 1048576K
}
Event: 13.280 GC heap before
{Heap before GC invocations=44 (full 0):
 garbage-first heap   total 205824K, used 107511K [0x0000000080000000, 0x0000000100000000)
  region size 1024K, 10 young (10240K), 7 survivors (7168K)
 Metaspace       used 108555K, committed 109248K, reserved 1179648K
  class space    used 14593K, committed 14912K, reserved 1048576K
}
Event: 13.285 GC heap after
{Heap after GC invocations=45 (full 0):
 garbage-first heap   total 205824K, used 104510K [0x0000000080000000, 0x0000000100000000)
  region size 1024K, 1 young (1024K), 1 survivors (1024K)
 Metaspace       used 108555K, committed 109248K, reserved 1179648K
  class space    used 14593K, committed 14912K, reserved 1048576K
}
Event: 13.829 GC heap before
{Heap before GC invocations=45 (full 0):
 garbage-first heap   total 205824K, used 171070K [0x0000000080000000, 0x0000000100000000)
  region size 1024K, 65 young (66560K), 1 survivors (1024K)
 Metaspace       used 111078K, committed 111744K, reserved 1179648K
  class space    used 14856K, committed 15168K, reserved 1048576K
}
Event: 13.833 GC heap after
{Heap after GC invocations=46 (full 0):
 garbage-first heap   total 205824K, used 108063K [0x0000000080000000, 0x0000000100000000)
  region size 1024K, 5 young (5120K), 5 survivors (5120K)
 Metaspace       used 111078K, committed 111744K, reserved 1179648K
  class space    used 14856K, committed 15168K, reserved 1048576K
}
Event: 14.639 GC heap before
{Heap before GC invocations=47 (full 0):
 garbage-first heap   total 205824K, used 169503K [0x0000000080000000, 0x0000000100000000)
  region size 1024K, 65 young (66560K), 5 survivors (5120K)
 Metaspace       used 117899K, committed 118656K, reserved 1179648K
  class space    used 15617K, committed 15936K, reserved 1048576K
}
Event: 14.646 GC heap after
{Heap after GC invocations=48 (full 0):
 garbage-first heap   total 205824K, used 111767K [0x0000000080000000, 0x0000000100000000)
  region size 1024K, 9 young (9216K), 9 survivors (9216K)
 Metaspace       used 117899K, committed 118656K, reserved 1179648K
  class space    used 15617K, committed 15936K, reserved 1048576K
}
Event: 14.663 GC heap before
{Heap before GC invocations=48 (full 0):
 garbage-first heap   total 205824K, used 112791K [0x0000000080000000, 0x0000000100000000)
  region size 1024K, 10 young (10240K), 9 survivors (9216K)
 Metaspace       used 117999K, committed 118720K, reserved 1179648K
  class space    used 15640K, committed 15936K, reserved 1048576K
}
Event: 14.669 GC heap after
{Heap after GC invocations=49 (full 0):
 garbage-first heap   total 205824K, used 112424K [0x0000000080000000, 0x0000000100000000)
  region size 1024K, 2 young (2048K), 2 survivors (2048K)
 Metaspace       used 117999K, committed 118720K, reserved 1179648K
  class space    used 15640K, committed 15936K, reserved 1048576K
}
Event: 15.258 GC heap before
{Heap before GC invocations=49 (full 0):
 garbage-first heap   total 205824K, used 170792K [0x0000000080000000, 0x0000000100000000)
  region size 1024K, 59 young (60416K), 2 survivors (2048K)
 Metaspace       used 126665K, committed 127424K, reserved 1179648K
  class space    used 16507K, committed 16832K, reserved 1048576K
}
Event: 15.261 GC heap after
{Heap after GC invocations=50 (full 0):
 garbage-first heap   total 205824K, used 112813K [0x0000000080000000, 0x0000000100000000)
  region size 1024K, 2 young (2048K), 2 survivors (2048K)
 Metaspace       used 126665K, committed 127424K, reserved 1179648K
  class space    used 16507K, committed 16832K, reserved 1048576K
}
Event: 16.111 GC heap before
{Heap before GC invocations=50 (full 0):
 garbage-first heap   total 205824K, used 172205K [0x0000000080000000, 0x0000000100000000)
  region size 1024K, 60 young (61440K), 2 survivors (2048K)
 Metaspace       used 131862K, committed 132544K, reserved 1179648K
  class space    used 17100K, committed 17408K, reserved 1048576K
}
Event: 16.118 GC heap after
{Heap after GC invocations=51 (full 0):
 garbage-first heap   total 205824K, used 117988K [0x0000000080000000, 0x0000000100000000)
  region size 1024K, 7 young (7168K), 7 survivors (7168K)
 Metaspace       used 131862K, committed 132544K, reserved 1179648K
  class space    used 17100K, committed 17408K, reserved 1048576K
}
Event: 16.472 GC heap before
{Heap before GC invocations=51 (full 0):
 garbage-first heap   total 205824K, used 175332K [0x0000000080000000, 0x0000000100000000)
  region size 1024K, 59 young (60416K), 7 survivors (7168K)
 Metaspace       used 132197K, committed 132864K, reserved 1179648K
  class space    used 17118K, committed 17408K, reserved 1048576K
}
Event: 16.482 GC heap after
{Heap after GC invocations=52 (full 0):
 garbage-first heap   total 205824K, used 129200K [0x0000000080000000, 0x0000000100000000)
  region size 1024K, 8 young (8192K), 8 survivors (8192K)
 Metaspace       used 132197K, committed 132864K, reserved 1179648K
  class space    used 17118K, committed 17408K, reserved 1048576K
}
Event: 16.723 GC heap before
{Heap before GC invocations=52 (full 0):
 garbage-first heap   total 205824K, used 173232K [0x0000000080000000, 0x0000000100000000)
  region size 1024K, 46 young (47104K), 8 survivors (8192K)
 Metaspace       used 132209K, committed 132928K, reserved 1179648K
  class space    used 17118K, committed 17408K, reserved 1048576K
}
Event: 16.734 GC heap after
{Heap after GC invocations=53 (full 0):
 garbage-first heap   total 205824K, used 136699K [0x0000000080000000, 0x0000000100000000)
  region size 1024K, 6 young (6144K), 6 survivors (6144K)
 Metaspace       used 132209K, committed 132928K, reserved 1179648K
  class space    used 17118K, committed 17408K, reserved 1048576K
}
Event: 16.978 GC heap before
{Heap before GC invocations=54 (full 0):
 garbage-first heap   total 249856K, used 177659K [0x0000000080000000, 0x0000000100000000)
  region size 1024K, 36 young (36864K), 6 survivors (6144K)
 Metaspace       used 132329K, committed 133056K, reserved 1179648K
  class space    used 17119K, committed 17472K, reserved 1048576K
}
Event: 16.986 GC heap after
{Heap after GC invocations=55 (full 0):
 garbage-first heap   total 249856K, used 152832K [0x0000000080000000, 0x0000000100000000)
  region size 1024K, 5 young (5120K), 5 survivors (5120K)
 Metaspace       used 132329K, committed 133056K, reserved 1179648K
  class space    used 17119K, committed 17472K, reserved 1048576K
}
Event: 17.041 GC heap before
{Heap before GC invocations=55 (full 0):
 garbage-first heap   total 249856K, used 161024K [0x0000000080000000, 0x0000000100000000)
  region size 1024K, 12 young (12288K), 5 survivors (5120K)
 Metaspace       used 132356K, committed 133120K, reserved 1179648K
  class space    used 17119K, committed 17472K, reserved 1048576K
}

